<?xml version="1.0" encoding="UTF-8"?>
<!-- Generated by org.testng.reporters.JUnitXMLReporter -->
<testsuite hostname="DESKTOP-8S455D7" ignored="0" name="Command line test" tests="6" failures="0" timestamp="22 Sep 2021 10:11:02 GMT" time="0.068" errors="0">
  <testcase name="createConatctTest" time="0.011" classname="com.comcast.conatcttest.ContactTest"/>
  <testcase name="createConatctWithOrgTest" time="0.001" classname="com.comcast.conatcttest.ContactTest"/>
  <testcase name="deleteCoantctTest" time="0.0" classname="com.comcast.conatcttest.ContactTest"/>
  <testcase name="createOrgTest" time="0.001" classname="com.comcast.orgtest.copy.OrgTest"/>
  <testcase name="createOrgWithIndutriesTest" time="0.0" classname="com.comcast.orgtest.copy.OrgTest"/>
  <testcase name="deleteOrgTest" time="0.0" classname="com.comcast.orgtest.copy.OrgTest"/>
</testsuite> <!-- Command line test -->
