<?xml version="1.0" encoding="UTF-8"?>
<!-- Generated by org.testng.reporters.JUnitXMLReporter -->
<testsuite hostname="DESKTOP-8S455D7" ignored="0" name="Command line test" tests="3" failures="0" timestamp="22 Sep 2021 07:35:08 GMT" time="0.105" errors="0">
  <testcase name="createConatctTest" time="0.046" classname="com.comcast.conatcttest.ContactTest"/>
  <testcase name="createConatctWithOrgTest" time="0.001" classname="com.comcast.conatcttest.ContactTest"/>
  <testcase name="deleteCoantctTest" time="0.0" classname="com.comcast.conatcttest.ContactTest"/>
</testsuite> <!-- Command line test -->
