<?xml version="1.0" encoding="UTF-8"?>
<testng-results ignored="0" total="3" passed="3" failed="0" skipped="0">
  <reporter-output>
  </reporter-output>
  <suite started-at="2021-09-21T11:16:00Z" name="Default suite" finished-at="2021-09-21T11:16:00Z" duration-ms="51">
    <groups>
    </groups>
    <test started-at="2021-09-21T11:16:00Z" name="Default test" finished-at="2021-09-21T11:16:00Z" duration-ms="51">
      <class name="com.comcast.conatcttest.Contact">
        <test-method signature="createConatctTest()[pri:0, instance:com.comcast.conatcttest.Contact@5cdec700]" started-at="2021-09-21T11:16:00Z" name="createConatctTest" finished-at="2021-09-21T11:16:00Z" duration-ms="12" status="PASS">
          <reporter-output>
          </reporter-output>
        </test-method> <!-- createConatctTest -->
        <test-method signature="createConatctWithOrgTest()[pri:0, instance:com.comcast.conatcttest.Contact@5cdec700]" started-at="2021-09-21T11:16:00Z" name="createConatctWithOrgTest" finished-at="2021-09-21T11:16:00Z" duration-ms="5" status="PASS">
          <reporter-output>
          </reporter-output>
        </test-method> <!-- createConatctWithOrgTest -->
        <test-method signature="deleteCoantctTest()[pri:0, instance:com.comcast.conatcttest.Contact@5cdec700]" started-at="2021-09-21T11:16:00Z" name="deleteCoantctTest" finished-at="2021-09-21T11:16:00Z" duration-ms="1" status="PASS">
          <reporter-output>
          </reporter-output>
        </test-method> <!-- deleteCoantctTest -->
      </class> <!-- com.comcast.conatcttest.Contact -->
    </test> <!-- Default test -->
  </suite> <!-- Default suite -->
</testng-results>
