<?xml version="1.0" encoding="UTF-8"?>
<!-- Generated by org.testng.reporters.JUnitXMLReporter -->
<testsuite ignored="0" hostname="DESKTOP-8S455D7" failures="0" tests="3" name="Default test" time="0.051" errors="0" timestamp="21 Sep 2021 11:16:00 GMT">
  <testcase classname="com.comcast.conatcttest.Contact" name="createConatctTest" time="0.012"/>
  <testcase classname="com.comcast.conatcttest.Contact" name="createConatctWithOrgTest" time="0.005"/>
  <testcase classname="com.comcast.conatcttest.Contact" name="deleteCoantctTest" time="0.001"/>
</testsuite> <!-- Default test -->
